[0.607s] Invoking command in '/home/pleopardi/turtlebot4_controller/build/turtlebot4_controller': PYTHONPATH=/home/pleopardi/turtlebot4_controller/build/turtlebot4_controller/prefix_override:/home/pleopardi/turtlebot4_controller/install/turtlebot4_controller/lib/python3.10/site-packages:${PYTHONPATH} /usr/bin/python3 setup.py develop --editable --build-directory /home/pleopardi/turtlebot4_controller/build/turtlebot4_controller/build --no-deps install_data
[0.810s] running develop
[0.810s] /usr/lib/python3/dist-packages/setuptools/command/easy_install.py:158: EasyInstallDeprecationWarning: easy_install command is deprecated. Use build and pip and other standards-based tools.
[0.810s]   warnings.warn(
[0.811s] /usr/lib/python3/dist-packages/setuptools/command/install.py:34: SetuptoolsDeprecationWarning: setup.py install is deprecated. Use build and pip and other standards-based tools.
[0.811s]   warnings.warn(
[0.961s] running egg_info
[0.961s] writing turtlebot4_controller.egg-info/PKG-INFO
[0.961s] writing dependency_links to turtlebot4_controller.egg-info/dependency_links.txt
[0.962s] writing entry points to turtlebot4_controller.egg-info/entry_points.txt
[0.962s] writing requirements to turtlebot4_controller.egg-info/requires.txt
[0.962s] writing top-level names to turtlebot4_controller.egg-info/top_level.txt
[0.963s] reading manifest file 'turtlebot4_controller.egg-info/SOURCES.txt'
[0.963s] writing manifest file 'turtlebot4_controller.egg-info/SOURCES.txt'
[0.964s] running build_ext
[0.964s] Creating /home/pleopardi/turtlebot4_controller/install/turtlebot4_controller/lib/python3.10/site-packages/turtlebot4-controller.egg-link (link to .)
[0.965s] Installing turtlebot4_controller_node script to /home/pleopardi/turtlebot4_controller/install/turtlebot4_controller/lib/turtlebot4_controller
[0.965s] 
[0.965s] Installed /home/pleopardi/turtlebot4_controller/build/turtlebot4_controller
[0.965s] running install_data
[0.979s] Invoked command in '/home/pleopardi/turtlebot4_controller/build/turtlebot4_controller' returned '0': PYTHONPATH=/home/pleopardi/turtlebot4_controller/build/turtlebot4_controller/prefix_override:/home/pleopardi/turtlebot4_controller/install/turtlebot4_controller/lib/python3.10/site-packages:${PYTHONPATH} /usr/bin/python3 setup.py develop --editable --build-directory /home/pleopardi/turtlebot4_controller/build/turtlebot4_controller/build --no-deps install_data
