[0.844s] DEBUG:colcon:Command line arguments: ['/usr/bin/colcon', 'build', '--symlink-install', '--packages-select', 'turtlebot4_controller']
[0.844s] DEBUG:colcon:Parsed command line arguments: Namespace(log_base=None, log_level=None, verb_name='build', build_base='build', install_base='install', merge_install=False, symlink_install=True, test_result_base=None, continue_on_error=False, executor='parallel', parallel_workers=12, event_handlers=None, ignore_user_meta=False, metas=['./colcon.meta'], base_paths=['.'], packages_ignore=None, packages_ignore_regex=None, paths=None, packages_up_to=None, packages_up_to_regex=None, packages_above=None, packages_above_and_dependencies=None, packages_above_depth=None, packages_select_by_dep=None, packages_skip_by_dep=None, packages_skip_up_to=None, packages_select_build_failed=False, packages_skip_build_finished=False, packages_select_test_failures=False, packages_skip_test_passed=False, packages_select=['turtlebot4_controller'], packages_skip=None, packages_select_regex=None, packages_skip_regex=None, packages_start=None, packages_end=None, allow_overriding=[], cmake_args=None, cmake_target=None, cmake_target_skip_unavailable=False, cmake_clean_cache=False, cmake_clean_first=False, cmake_force_configure=False, ament_cmake_args=None, catkin_cmake_args=None, catkin_skip_building_tests=False, verb_parser=<colcon_defaults.argument_parser.defaults.DefaultArgumentsDecorator object at 0x7f8dc6d0de10>, verb_extension=<colcon_core.verb.build.BuildVerb object at 0x7f8dc6ec1b40>, main=<bound method BuildVerb.main of <colcon_core.verb.build.BuildVerb object at 0x7f8dc6ec1b40>>)
[0.880s] Level 1:colcon.colcon_core.package_discovery:discover_packages(colcon_meta) check parameters
[0.880s] Level 1:colcon.colcon_core.package_discovery:discover_packages(recursive) check parameters
[0.880s] Level 1:colcon.colcon_core.package_discovery:discover_packages(ignore) check parameters
[0.880s] Level 1:colcon.colcon_core.package_discovery:discover_packages(path) check parameters
[0.880s] Level 1:colcon.colcon_core.package_discovery:discover_packages(colcon_meta) discover
[0.880s] Level 1:colcon.colcon_core.package_discovery:discover_packages(recursive) discover
[0.880s] INFO:colcon.colcon_core.package_discovery:Crawling recursively for packages in '/home/pleopardi/turtlebot4_controller'
[0.880s] Level 1:colcon.colcon_core.package_identification:_identify(.) by extensions ['ignore', 'ignore_ament_install']
[0.880s] Level 1:colcon.colcon_core.package_identification:_identify(.) by extension 'ignore'
[0.880s] Level 1:colcon.colcon_core.package_identification:_identify(.) by extension 'ignore_ament_install'
[0.880s] Level 1:colcon.colcon_core.package_identification:_identify(.) by extensions ['colcon_pkg']
[0.880s] Level 1:colcon.colcon_core.package_identification:_identify(.) by extension 'colcon_pkg'
[0.881s] Level 1:colcon.colcon_core.package_identification:_identify(.) by extensions ['colcon_meta']
[0.881s] Level 1:colcon.colcon_core.package_identification:_identify(.) by extension 'colcon_meta'
[0.881s] Level 1:colcon.colcon_core.package_identification:_identify(.) by extensions ['ros']
[0.881s] Level 1:colcon.colcon_core.package_identification:_identify(.) by extension 'ros'
[0.888s] Level 1:colcon.colcon_core.package_identification:_identify(.) by extensions ['cmake', 'python']
[0.888s] Level 1:colcon.colcon_core.package_identification:_identify(.) by extension 'cmake'
[0.888s] Level 1:colcon.colcon_core.package_identification:_identify(.) by extension 'python'
[0.888s] Level 1:colcon.colcon_core.package_identification:_identify(.) by extensions ['python_setup_py']
[0.888s] Level 1:colcon.colcon_core.package_identification:_identify(.) by extension 'python_setup_py'
[0.888s] Level 1:colcon.colcon_core.package_identification:_identify(build) by extensions ['ignore', 'ignore_ament_install']
[0.888s] Level 1:colcon.colcon_core.package_identification:_identify(build) by extension 'ignore'
[0.888s] Level 1:colcon.colcon_core.package_identification:_identify(build) ignored
[0.888s] Level 1:colcon.colcon_core.package_identification:_identify(install) by extensions ['ignore', 'ignore_ament_install']
[0.888s] Level 1:colcon.colcon_core.package_identification:_identify(install) by extension 'ignore'
[0.888s] Level 1:colcon.colcon_core.package_identification:_identify(install) ignored
[0.888s] Level 1:colcon.colcon_core.package_identification:_identify(log) by extensions ['ignore', 'ignore_ament_install']
[0.888s] Level 1:colcon.colcon_core.package_identification:_identify(log) by extension 'ignore'
[0.888s] Level 1:colcon.colcon_core.package_identification:_identify(log) ignored
[0.888s] Level 1:colcon.colcon_core.package_identification:_identify(src) by extensions ['ignore', 'ignore_ament_install']
[0.889s] Level 1:colcon.colcon_core.package_identification:_identify(src) by extension 'ignore'
[0.889s] Level 1:colcon.colcon_core.package_identification:_identify(src) by extension 'ignore_ament_install'
[0.889s] Level 1:colcon.colcon_core.package_identification:_identify(src) by extensions ['colcon_pkg']
[0.889s] Level 1:colcon.colcon_core.package_identification:_identify(src) by extension 'colcon_pkg'
[0.889s] Level 1:colcon.colcon_core.package_identification:_identify(src) by extensions ['colcon_meta']
[0.889s] Level 1:colcon.colcon_core.package_identification:_identify(src) by extension 'colcon_meta'
[0.889s] Level 1:colcon.colcon_core.package_identification:_identify(src) by extensions ['ros']
[0.889s] Level 1:colcon.colcon_core.package_identification:_identify(src) by extension 'ros'
[0.889s] Level 1:colcon.colcon_core.package_identification:_identify(src) by extensions ['cmake', 'python']
[0.889s] Level 1:colcon.colcon_core.package_identification:_identify(src) by extension 'cmake'
[0.889s] Level 1:colcon.colcon_core.package_identification:_identify(src) by extension 'python'
[0.889s] Level 1:colcon.colcon_core.package_identification:_identify(src) by extensions ['python_setup_py']
[0.889s] Level 1:colcon.colcon_core.package_identification:_identify(src) by extension 'python_setup_py'
[0.889s] Level 1:colcon.colcon_core.package_identification:_identify(src/turtlebot4_controller) by extensions ['ignore', 'ignore_ament_install']
[0.889s] Level 1:colcon.colcon_core.package_identification:_identify(src/turtlebot4_controller) by extension 'ignore'
[0.889s] Level 1:colcon.colcon_core.package_identification:_identify(src/turtlebot4_controller) by extension 'ignore_ament_install'
[0.889s] Level 1:colcon.colcon_core.package_identification:_identify(src/turtlebot4_controller) by extensions ['colcon_pkg']
[0.889s] Level 1:colcon.colcon_core.package_identification:_identify(src/turtlebot4_controller) by extension 'colcon_pkg'
[0.889s] Level 1:colcon.colcon_core.package_identification:_identify(src/turtlebot4_controller) by extensions ['colcon_meta']
[0.889s] Level 1:colcon.colcon_core.package_identification:_identify(src/turtlebot4_controller) by extension 'colcon_meta'
[0.889s] Level 1:colcon.colcon_core.package_identification:_identify(src/turtlebot4_controller) by extensions ['ros']
[0.889s] Level 1:colcon.colcon_core.package_identification:_identify(src/turtlebot4_controller) by extension 'ros'
[0.891s] DEBUG:colcon.colcon_core.package_identification:Package 'src/turtlebot4_controller' with type 'ros.ament_python' and name 'turtlebot4_controller'
[0.891s] Level 1:colcon.colcon_core.package_discovery:discover_packages(recursive) using defaults
[0.891s] Level 1:colcon.colcon_core.package_discovery:discover_packages(ignore) discover
[0.891s] Level 1:colcon.colcon_core.package_discovery:discover_packages(ignore) using defaults
[0.891s] Level 1:colcon.colcon_core.package_discovery:discover_packages(path) discover
[0.891s] Level 1:colcon.colcon_core.package_discovery:discover_packages(path) using defaults
[0.965s] Level 1:colcon.colcon_core.package_discovery:discover_packages(prefix_path) check parameters
[0.965s] Level 1:colcon.colcon_core.package_discovery:discover_packages(prefix_path) discover
[0.996s] DEBUG:colcon.colcon_installed_package_information.package_discovery:Found 13 installed packages in /home/pleopardi/create_ws/install
[1.008s] DEBUG:colcon.colcon_installed_package_information.package_discovery:Found 13 installed packages in /home/pleopardi/turtlebot4_ws/install
[1.022s] DEBUG:colcon.colcon_installed_package_information.package_discovery:Found 402 installed packages in /opt/ros/humble
[1.023s] Level 1:colcon.colcon_core.package_discovery:discover_packages(prefix_path) using defaults
[1.104s] Level 5:colcon.colcon_core.verb:set package 'turtlebot4_controller' build argument 'cmake_args' from command line to 'None'
[1.104s] Level 5:colcon.colcon_core.verb:set package 'turtlebot4_controller' build argument 'cmake_target' from command line to 'None'
[1.104s] Level 5:colcon.colcon_core.verb:set package 'turtlebot4_controller' build argument 'cmake_target_skip_unavailable' from command line to 'False'
[1.104s] Level 5:colcon.colcon_core.verb:set package 'turtlebot4_controller' build argument 'cmake_clean_cache' from command line to 'False'
[1.104s] Level 5:colcon.colcon_core.verb:set package 'turtlebot4_controller' build argument 'cmake_clean_first' from command line to 'False'
[1.104s] Level 5:colcon.colcon_core.verb:set package 'turtlebot4_controller' build argument 'cmake_force_configure' from command line to 'False'
[1.104s] Level 5:colcon.colcon_core.verb:set package 'turtlebot4_controller' build argument 'ament_cmake_args' from command line to 'None'
[1.104s] Level 5:colcon.colcon_core.verb:set package 'turtlebot4_controller' build argument 'catkin_cmake_args' from command line to 'None'
[1.104s] Level 5:colcon.colcon_core.verb:set package 'turtlebot4_controller' build argument 'catkin_skip_building_tests' from command line to 'False'
[1.104s] DEBUG:colcon.colcon_core.verb:Building package 'turtlebot4_controller' with the following arguments: {'ament_cmake_args': None, 'build_base': '/home/pleopardi/turtlebot4_controller/build/turtlebot4_controller', 'catkin_cmake_args': None, 'catkin_skip_building_tests': False, 'cmake_args': None, 'cmake_clean_cache': False, 'cmake_clean_first': False, 'cmake_force_configure': False, 'cmake_target': None, 'cmake_target_skip_unavailable': False, 'install_base': '/home/pleopardi/turtlebot4_controller/install/turtlebot4_controller', 'merge_install': False, 'path': '/home/pleopardi/turtlebot4_controller/src/turtlebot4_controller', 'symlink_install': True, 'test_result_base': None}
[1.116s] INFO:colcon.colcon_core.executor:Executing jobs using 'parallel' executor
[1.129s] DEBUG:colcon.colcon_parallel_executor.executor.parallel:run_until_complete
[1.129s] INFO:colcon.colcon_ros.task.ament_python.build:Building ROS package in '/home/pleopardi/turtlebot4_controller/src/turtlebot4_controller' with build type 'ament_python'
[1.129s] Level 1:colcon.colcon_core.shell:create_environment_hook('turtlebot4_controller', 'ament_prefix_path')
[1.143s] INFO:colcon.colcon_core.plugin_system:Skipping extension 'colcon_core.shell.bat': Not used on non-Windows systems
[1.143s] INFO:colcon.colcon_core.shell:Creating environment hook '/home/pleopardi/turtlebot4_controller/install/turtlebot4_controller/share/turtlebot4_controller/hook/ament_prefix_path.ps1'
[1.143s] INFO:colcon.colcon_core.shell:Creating environment descriptor '/home/pleopardi/turtlebot4_controller/install/turtlebot4_controller/share/turtlebot4_controller/hook/ament_prefix_path.dsv'
[1.143s] INFO:colcon.colcon_core.shell:Creating environment hook '/home/pleopardi/turtlebot4_controller/install/turtlebot4_controller/share/turtlebot4_controller/hook/ament_prefix_path.sh'
[1.156s] INFO:colcon.colcon_core.shell:Skip shell extension 'powershell' for command environment: Not usable outside of PowerShell
[1.156s] DEBUG:colcon.colcon_core.shell:Skip shell extension 'dsv' for command environment
[1.421s] INFO:colcon.colcon_core.task.python.build:Building Python package in '/home/pleopardi/turtlebot4_controller/src/turtlebot4_controller'
[1.434s] INFO:colcon.colcon_core.shell:Skip shell extension 'powershell' for command environment: Not usable outside of PowerShell
[1.434s] DEBUG:colcon.colcon_core.shell:Skip shell extension 'dsv' for command environment
[1.762s] DEBUG:colcon.colcon_core.event_handler.log_command:Invoking command in '/home/pleopardi/turtlebot4_controller/build/turtlebot4_controller': PYTHONPATH=/home/pleopardi/turtlebot4_controller/build/turtlebot4_controller/prefix_override:/home/pleopardi/turtlebot4_controller/install/turtlebot4_controller/lib/python3.10/site-packages:${PYTHONPATH} /usr/bin/python3 setup.py develop --editable --build-directory /home/pleopardi/turtlebot4_controller/build/turtlebot4_controller/build --no-deps install_data
[2.150s] Level 1:colcon.colcon_core.shell:create_environment_hook('turtlebot4_controller', 'pythonpath_develop')
[2.150s] DEBUG:colcon.colcon_core.event_handler.log_command:Invoked command in '/home/pleopardi/turtlebot4_controller/build/turtlebot4_controller' returned '0': PYTHONPATH=/home/pleopardi/turtlebot4_controller/build/turtlebot4_controller/prefix_override:/home/pleopardi/turtlebot4_controller/install/turtlebot4_controller/lib/python3.10/site-packages:${PYTHONPATH} /usr/bin/python3 setup.py develop --editable --build-directory /home/pleopardi/turtlebot4_controller/build/turtlebot4_controller/build --no-deps install_data
[2.168s] INFO:colcon.colcon_core.shell:Creating environment hook '/home/pleopardi/turtlebot4_controller/build/turtlebot4_controller/share/turtlebot4_controller/hook/pythonpath_develop.ps1'
[2.169s] INFO:colcon.colcon_core.shell:Creating environment descriptor '/home/pleopardi/turtlebot4_controller/build/turtlebot4_controller/share/turtlebot4_controller/hook/pythonpath_develop.dsv'
[2.169s] INFO:colcon.colcon_core.shell:Creating environment hook '/home/pleopardi/turtlebot4_controller/build/turtlebot4_controller/share/turtlebot4_controller/hook/pythonpath_develop.sh'
[2.190s] Level 1:colcon.colcon_core.environment:checking '/home/pleopardi/turtlebot4_controller/install/turtlebot4_controller' for CMake module files
[2.190s] Level 1:colcon.colcon_core.environment:checking '/home/pleopardi/turtlebot4_controller/install/turtlebot4_controller' for CMake config files
[2.190s] Level 1:colcon.colcon_core.environment:checking '/home/pleopardi/turtlebot4_controller/install/turtlebot4_controller/lib'
[2.191s] Level 1:colcon.colcon_core.environment:checking '/home/pleopardi/turtlebot4_controller/install/turtlebot4_controller/bin'
[2.191s] Level 1:colcon.colcon_core.environment:checking '/home/pleopardi/turtlebot4_controller/install/turtlebot4_controller/lib/pkgconfig/turtlebot4_controller.pc'
[2.191s] Level 1:colcon.colcon_core.environment:checking '/home/pleopardi/turtlebot4_controller/install/turtlebot4_controller/lib/python3.10/site-packages'
[2.191s] Level 1:colcon.colcon_core.shell:create_environment_hook('turtlebot4_controller', 'pythonpath')
[2.206s] INFO:colcon.colcon_core.shell:Creating environment hook '/home/pleopardi/turtlebot4_controller/install/turtlebot4_controller/share/turtlebot4_controller/hook/pythonpath.ps1'
[2.206s] INFO:colcon.colcon_core.shell:Creating environment descriptor '/home/pleopardi/turtlebot4_controller/install/turtlebot4_controller/share/turtlebot4_controller/hook/pythonpath.dsv'
[2.206s] INFO:colcon.colcon_core.shell:Creating environment hook '/home/pleopardi/turtlebot4_controller/install/turtlebot4_controller/share/turtlebot4_controller/hook/pythonpath.sh'
[2.207s] Level 1:colcon.colcon_core.environment:checking '/home/pleopardi/turtlebot4_controller/install/turtlebot4_controller/bin'
[2.207s] Level 1:colcon.colcon_core.environment:create_environment_scripts_only(turtlebot4_controller)
[2.219s] INFO:colcon.colcon_core.shell:Creating package script '/home/pleopardi/turtlebot4_controller/install/turtlebot4_controller/share/turtlebot4_controller/package.ps1'
[2.220s] INFO:colcon.colcon_core.shell:Creating package descriptor '/home/pleopardi/turtlebot4_controller/install/turtlebot4_controller/share/turtlebot4_controller/package.dsv'
[2.220s] INFO:colcon.colcon_core.shell:Creating package script '/home/pleopardi/turtlebot4_controller/install/turtlebot4_controller/share/turtlebot4_controller/package.sh'
[2.221s] INFO:colcon.colcon_core.shell:Creating package script '/home/pleopardi/turtlebot4_controller/install/turtlebot4_controller/share/turtlebot4_controller/package.bash'
[2.221s] INFO:colcon.colcon_core.shell:Creating package script '/home/pleopardi/turtlebot4_controller/install/turtlebot4_controller/share/turtlebot4_controller/package.zsh'
[2.221s] Level 1:colcon.colcon_core.environment:create_file_with_runtime_dependencies(/home/pleopardi/turtlebot4_controller/install/turtlebot4_controller/share/colcon-core/packages/turtlebot4_controller)
[2.222s] DEBUG:colcon.colcon_parallel_executor.executor.parallel:closing loop
[2.222s] DEBUG:colcon.colcon_parallel_executor.executor.parallel:loop closed
[2.222s] DEBUG:colcon.colcon_parallel_executor.executor.parallel:run_until_complete finished with '0'
[2.222s] DEBUG:colcon.colcon_core.event_reactor:joining thread
[2.245s] INFO:colcon.colcon_core.plugin_system:Skipping extension 'colcon_notification.desktop_notification.terminal_notifier': Not used on non-Darwin systems
[2.245s] INFO:colcon.colcon_core.plugin_system:Skipping extension 'colcon_notification.desktop_notification.win32': Not used on non-Windows systems
[2.245s] INFO:colcon.colcon_notification.desktop_notification:Sending desktop notification using 'notify2'
[2.254s] DEBUG:colcon.colcon_core.event_reactor:joined thread
[2.268s] INFO:colcon.colcon_core.shell:Creating prefix script '/home/pleopardi/turtlebot4_controller/install/local_setup.ps1'
[2.269s] INFO:colcon.colcon_core.shell:Creating prefix util module '/home/pleopardi/turtlebot4_controller/install/_local_setup_util_ps1.py'
[2.270s] INFO:colcon.colcon_core.shell:Creating prefix chain script '/home/pleopardi/turtlebot4_controller/install/setup.ps1'
[2.283s] INFO:colcon.colcon_core.shell:Creating prefix script '/home/pleopardi/turtlebot4_controller/install/local_setup.sh'
[2.284s] INFO:colcon.colcon_core.shell:Creating prefix util module '/home/pleopardi/turtlebot4_controller/install/_local_setup_util_sh.py'
[2.284s] INFO:colcon.colcon_core.shell:Creating prefix chain script '/home/pleopardi/turtlebot4_controller/install/setup.sh'
[2.298s] INFO:colcon.colcon_core.shell:Creating prefix script '/home/pleopardi/turtlebot4_controller/install/local_setup.bash'
[2.298s] INFO:colcon.colcon_core.shell:Creating prefix chain script '/home/pleopardi/turtlebot4_controller/install/setup.bash'
[2.311s] INFO:colcon.colcon_core.shell:Creating prefix script '/home/pleopardi/turtlebot4_controller/install/local_setup.zsh'
[2.312s] INFO:colcon.colcon_core.shell:Creating prefix chain script '/home/pleopardi/turtlebot4_controller/install/setup.zsh'
